<?xml version="1.0" encoding="UTF-8"?>
<!-- Generated by org.testng.reporters.JUnitReportReporter -->
<testsuite skipped="0" hostname="FIR000187099001" name="util.DataBaseTest" tests="1" failures="0" timestamp="28 Feb 2022 23:27:48 GMT" time="28.820" errors="0">
  <testcase name="test" time="28.820" classname="util.DataBaseTest"/>
</testsuite> <!-- util.DataBaseTest -->
