<?xml version="1.0" encoding="UTF-8"?>
<!-- Generated by org.testng.reporters.JUnitReportReporter -->
<testsuite skipped="0" hostname="FIR000187099001" name="testFolder.DemoTest" tests="2" failures="0" timestamp="01 Mar 2022 19:56:11 GMT" time="0.065" errors="0">
  <testcase name="countCountryTest" time="0.059" classname="testFolder.DemoTest"/>
  <testcase name="findCountryCapitalTest" time="0.006" classname="testFolder.DemoTest"/>
</testsuite> <!-- testFolder.DemoTest -->
